########### array before sorts ###########
0	0.000000	0.000000	35.222500	0.000000	n
1	35.222500	0.000000	35.222500	39.992500	n
2	35.222500	39.992500	0.000000	39.992500	n
3	0.000000	39.992500	0.000000	0.000000	n
Tolerance=0.050000.
*Exact match for i=0 and j=1.
*i point 0.000000	0.000000	35.222500	0.000000	y
*Exact match for i=1 and j=2.
*i point 35.222500	0.000000	35.222500	39.992500	y
*Exact match for i=2 and j=3.
*i point 35.222500	39.992500	0.000000	39.992500	y
########### array after sorts ###########
0	0.000000	0.000000	35.222500	0.000000	y
1	35.222500	0.000000	35.222500	39.992500	y
2	35.222500	39.992500	0.000000	39.992500	y
3	0.000000	39.992500	0.000000	0.000000	y
***************
.BOARD_OUTLINE UNOWNED
1.6
0     0.000000     0.000000     0
0     35.222500     0.000000     0
0     35.222500     39.992500     0
0     0.000000     39.992500     0
0     0.000000     0.000000     0
